Compiling build :app to "target/cljsbuild/public/js/app.js" from ["src/cljs" "src/cljc" "env/dev/cljs"]...
[31mFailed to compile build :app from ["src/cljs" "src/cljc" "env/dev/cljs"] in 0.556 seconds.[0m
[36m----  Could not Read  src/cljs/customer/core.cljs   line:99 ----[0m

  [1m/home/s33r/Projects/customer/src/cljs/customer/core.cljs [line 99, col 1] Unexpected EOF while reading item 15 of vector, starting at line 43 and column 4.[0m

[36m----  Reader Error : Please see src/cljs/customer/core.cljs  ----[0m
Compiling build :app to "target/cljsbuild/public/js/app.js" from ["src/cljs" "src/cljc" "env/dev/cljs"]...
[36m----  Compiler Warning on   src/cljs/customer/core.cljs   line:44  column:13  ----[0m

  [1mUse of undeclared Var customer.core/firstname[0m

  [36m41[0m  [36m(defn register-page [][0m
  [36m42[0m  [36m  [:div.container[0m
  [36m43[0m  [36m   [:form[0m
  [33m44[0m  [1m    [:input firstname][0m
  [0m  [0m  [33m            ^--- Use of undeclared Var customer.core/firstname[0m
  [36m45[0m  [36m    [:input lastname][0m
  [36m46[0m  [36m    [:input][0m
  [36m47[0m  [36m    [:input]]])[0m

[36m----  Compiler Warning : Please see src/cljs/customer/core.cljs  ----[0m
[36m----  Compiler Warning on   src/cljs/customer/core.cljs   line:45  column:13  ----[0m

  [1mUse of undeclared Var customer.core/lastname[0m

  [36m41[0m  [36m(defn register-page [][0m
  [36m42[0m  [36m  [:div.container[0m
  [36m43[0m  [36m   [:form[0m
  [36m44[0m  [36m    [:input firstname][0m
  [33m45[0m  [1m    [:input lastname][0m
  [0m  [0m  [33m            ^--- Use of undeclared Var customer.core/lastname[0m
  [36m46[0m  [36m    [:input][0m
  [36m47[0m  [36m    [:input]]])[0m
  [36m48[0m  [36m[0m
  [36m49[0m  [36m[0m
  [36m50[0m  [36m(defn home-page [][0m

[36m----  Compiler Warning : Please see src/cljs/customer/core.cljs  ----[0m
[32mSuccessfully compiled build :app to "target/cljsbuild/public/js/app.js" in 0.826 seconds.[0m
notifying browser that file changed:  target/cljsbuild/public/js/out/goog/deps.js
notifying browser that file changed:  target/cljsbuild/public/js/out/cljs_deps.js
notifying browser that file changed:  target/cljsbuild/public/js/out/customer/core.js
Compiling build :app to "target/cljsbuild/public/js/app.js" from ["src/cljs" "src/cljc" "env/dev/cljs"]...
[36m----  Compiler Warning on   src/cljs/customer/core.cljs   line:44  column:13  ----[0m

  [1mUse of undeclared Var customer.core/firstname[0m

  [36m41[0m  [36m(defn register-page [][0m
  [36m42[0m  [36m  [:div.container[0m
  [36m43[0m  [36m   [:form[0m
  [33m44[0m  [1m    [:input firstname][0m
  [0m  [0m  [33m            ^--- Use of undeclared Var customer.core/firstname[0m
  [36m45[0m  [36m    [:input lastname][0m
  [36m46[0m  [36m    [:input][0m
  [36m47[0m  [36m    [:input]]])[0m

[36m----  Compiler Warning : Please see src/cljs/customer/core.cljs  ----[0m
[36m----  Compiler Warning on   src/cljs/customer/core.cljs   line:45  column:13  ----[0m

  [1mUse of undeclared Var customer.core/lastname[0m

  [36m41[0m  [36m(defn register-page [][0m
  [36m42[0m  [36m  [:div.container[0m
  [36m43[0m  [36m   [:form[0m
  [36m44[0m  [36m    [:input firstname][0m
  [33m45[0m  [1m    [:input lastname][0m
  [0m  [0m  [33m            ^--- Use of undeclared Var customer.core/lastname[0m
  [36m46[0m  [36m    [:input][0m
  [36m47[0m  [36m    [:input]]])[0m
  [36m48[0m  [36m[0m
  [36m49[0m  [36m[0m
  [36m50[0m  [36m(defn home-page [][0m

[36m----  Compiler Warning : Please see src/cljs/customer/core.cljs  ----[0m
[31mFailed to compile build :app from ["src/cljs" "src/cljc" "env/dev/cljs"] in 0.518 seconds.[0m
[36m----  Could not Analyze  src/cljs/customer/core.cljs   line:57  column:1  ----[0m

  [1mUnable to resolve var: login-page in this context at line 57 src/cljs/customer/core.cljs[0m

  [36m55[0m  [36m             {:__html (md->html docs)}}]])])[0m
  [36m56[0m  [36m[0m
  [33m57[0m  [1m(def pages[0m
  [0m  [0m  [33m^--- Unable to resolve var: login-page in this context at line 57 src/cljs/customer/core.cljs[0m
  [36m58[0m  [36m  {:home #'home-page[0m
  [36m59[0m  [36m   :about #'about-page[0m
  [36m60[0m  [36m   :register #'register-page[0m

[36m----  Analysis Error : Please see src/cljs/customer/core.cljs  ----[0m
Compiling build :app to "target/cljsbuild/public/js/app.js" from ["src/cljs" "src/cljc" "env/dev/cljs"]...
[36m----  Compiler Warning on   src/cljs/customer/core.cljs   line:44  column:13  ----[0m

  [1mUse of undeclared Var customer.core/firstname[0m

  [36m41[0m  [36m(defn register-page [][0m
  [36m42[0m  [36m  [:div.container[0m
  [36m43[0m  [36m   [:form[0m
  [33m44[0m  [1m    [:input firstname][0m
  [0m  [0m  [33m            ^--- Use of undeclared Var customer.core/firstname[0m
  [36m45[0m  [36m    [:input lastname][0m
  [36m46[0m  [36m    [:input][0m
  [36m47[0m  [36m    [:input]]])[0m
  [36m48[0m  [36m[0m
  [36m49[0m  [36m(defn login-page [][0m

[36m----  Compiler Warning : Please see src/cljs/customer/core.cljs  ----[0m
[36m----  Compiler Warning on   src/cljs/customer/core.cljs   line:45  column:13  ----[0m

  [1mUse of undeclared Var customer.core/lastname[0m

  [36m41[0m  [36m(defn register-page [][0m
  [36m42[0m  [36m  [:div.container[0m
  [36m43[0m  [36m   [:form[0m
  [36m44[0m  [36m    [:input firstname][0m
  [33m45[0m  [1m    [:input lastname][0m
  [0m  [0m  [33m            ^--- Use of undeclared Var customer.core/lastname[0m
  [36m46[0m  [36m    [:input][0m
  [36m47[0m  [36m    [:input]]])[0m
  [36m48[0m  [36m[0m
  [36m49[0m  [36m(defn login-page [][0m
  [36m50[0m  [36m  [:div.container[0m

[36m----  Compiler Warning : Please see src/cljs/customer/core.cljs  ----[0m
[32mSuccessfully compiled build :app to "target/cljsbuild/public/js/app.js" in 0.79 seconds.[0m
notifying browser that file changed:  target/cljsbuild/public/js/out/customer/core.js
Compiling build :app to "target/cljsbuild/public/js/app.js" from ["src/cljs" "src/cljc" "env/dev/cljs"]...
[36m----  Compiler Warning on   src/cljs/customer/core.cljs   line:45  column:13  ----[0m

  [1mUse of undeclared Var customer.core/firstname[0m

  [36m41[0m  [36m(defn register-page [][0m
  [36m42[0m  [36m  [:div.container[0m
  [36m43[0m  [36m   [:form[0m
  [36m44[0m  [36m[0m
  [33m45[0m  [1m    [:input firstname][:br][0m
  [0m  [0m  [33m            ^--- Use of undeclared Var customer.core/firstname[0m
  [36m46[0m  [36m    [:input lastname][0m
  [36m47[0m  [36m    [:input][0m
  [36m48[0m  [36m    [:input]]])[0m
  [36m49[0m  [36m[0m
  [36m50[0m  [36m(defn login-page [][0m

[36m----  Compiler Warning : Please see src/cljs/customer/core.cljs  ----[0m
[36m----  Compiler Warning on   src/cljs/customer/core.cljs   line:46  column:13  ----[0m

  [1mUse of undeclared Var customer.core/lastname[0m

  [36m42[0m  [36m  [:div.container[0m
  [36m43[0m  [36m   [:form[0m
  [36m44[0m  [36m[0m
  [36m45[0m  [36m    [:input firstname][:br][0m
  [33m46[0m  [1m    [:input lastname][0m
  [0m  [0m  [33m            ^--- Use of undeclared Var customer.core/lastname[0m
  [36m47[0m  [36m    [:input][0m
  [36m48[0m  [36m    [:input]]])[0m
  [36m49[0m  [36m[0m
  [36m50[0m  [36m(defn login-page [][0m
  [36m51[0m  [36m  [:div.container[0m

[36m----  Compiler Warning : Please see src/cljs/customer/core.cljs  ----[0m
[32mSuccessfully compiled build :app to "target/cljsbuild/public/js/app.js" in 1.106 seconds.[0m
notifying browser that file changed:  target/cljsbuild/public/js/out/customer/core.js
Compiling build :app to "target/cljsbuild/public/js/app.js" from ["src/cljs" "src/cljc" "env/dev/cljs"]...
[36m----  Compiler Warning on   src/cljs/customer/core.cljs   line:144  column:11  ----[0m

  [1mNo such namespace: session, could not locate session.cljs, session.cljc, or JavaScript source providing "session"[0m

  [36m143[0m  [36m(defn current-page [][0m
  [33m144[0m  [1m  [:div [(session/get :current-page)]])[0m
  [0m   [0m  [33m          ^--- No such namespace: session, could not locate session.cljs, session.cljc, or JavaScript source providing "session"[0m
  [36m145[0m  [36m[0m
  [36m146[0m  [36m;; -------------------------[0m
  [36m147[0m  [36m;; Routes[0m
  [36m148[0m  [36m(secretary/set-config! :prefix "#")[0m

[36m----  Compiler Warning : Please see src/cljs/customer/core.cljs  ----[0m
[36m----  Compiler Warning on   src/cljs/customer/core.cljs   line:144  column:11  ----[0m

  [1mUse of undeclared Var session/get[0m

  [36m143[0m  [36m(defn current-page [][0m
  [33m144[0m  [1m  [:div [(session/get :current-page)]])[0m
  [0m   [0m  [33m          ^--- Use of undeclared Var session/get[0m
  [36m145[0m  [36m[0m
  [36m146[0m  [36m;; -------------------------[0m
  [36m147[0m  [36m;; Routes[0m
  [36m148[0m  [36m(secretary/set-config! :prefix "#")[0m

[36m----  Compiler Warning : Please see src/cljs/customer/core.cljs  ----[0m
[36m----  Compiler Warning on   src/cljs/customer/core.cljs   line:151  column:4  ----[0m

  [1mNo such namespace: session, could not locate session.cljs, session.cljc, or JavaScript source providing "session"[0m

  [36m147[0m  [36m;; Routes[0m
  [36m148[0m  [36m(secretary/set-config! :prefix "#")[0m
  [36m149[0m  [36m[0m
  [36m150[0m  [36m(secretary/defroute "/" [][0m
  [33m151[0m  [1m  (session/put! :current-page #'home-page))[0m
  [0m   [0m  [33m   ^--- No such namespace: session, could not locate session.cljs, session.cljc, or JavaScript source providing "session"[0m
  [36m152[0m  [36m[0m
  [36m153[0m  [36m;; -------------------------[0m
  [36m154[0m  [36m;; History[0m
  [36m155[0m  [36m;; must be called after routes have been defined[0m
  [36m156[0m  [36m(defn hook-browser-navigation! [][0m

[36m----  Compiler Warning : Please see src/cljs/customer/core.cljs  ----[0m
[36m----  Compiler Warning on   src/cljs/customer/core.cljs   line:151  column:4  ----[0m

  [1mUse of undeclared Var session/put![0m

  [36m147[0m  [36m;; Routes[0m
  [36m148[0m  [36m(secretary/set-config! :prefix "#")[0m
  [36m149[0m  [36m[0m
  [36m150[0m  [36m(secretary/defroute "/" [][0m
  [33m151[0m  [1m  (session/put! :current-page #'home-page))[0m
  [0m   [0m  [33m   ^--- Use of undeclared Var session/put![0m
  [36m152[0m  [36m[0m
  [36m153[0m  [36m;; -------------------------[0m
  [36m154[0m  [36m;; History[0m
  [36m155[0m  [36m;; must be called after routes have been defined[0m
  [36m156[0m  [36m(defn hook-browser-navigation! [][0m

[36m----  Compiler Warning : Please see src/cljs/customer/core.cljs  ----[0m
[36m----  Compiler Warning on   src/cljs/customer/core.cljs   line:151  column:4  ----[0m

  [1mNo such namespace: session, could not locate session.cljs, session.cljc, or JavaScript source providing "session"[0m

  [36m147[0m  [36m;; Routes[0m
  [36m148[0m  [36m(secretary/set-config! :prefix "#")[0m
  [36m149[0m  [36m[0m
  [36m150[0m  [36m(secretary/defroute "/" [][0m
  [33m151[0m  [1m  (session/put! :current-page #'home-page))[0m
  [0m   [0m  [33m   ^--- No such namespace: session, could not locate session.cljs, session.cljc, or JavaScript source providing "session"[0m
  [36m152[0m  [36m[0m
  [36m153[0m  [36m;; -------------------------[0m
  [36m154[0m  [36m;; History[0m
  [36m155[0m  [36m;; must be called after routes have been defined[0m
  [36m156[0m  [36m(defn hook-browser-navigation! [][0m

[36m----  Compiler Warning : Please see src/cljs/customer/core.cljs  ----[0m
[36m----  Compiler Warning on   src/cljs/customer/core.cljs   line:151  column:4  ----[0m

  [1mUse of undeclared Var session/put![0m

  [36m147[0m  [36m;; Routes[0m
  [36m148[0m  [36m(secretary/set-config! :prefix "#")[0m
  [36m149[0m  [36m[0m
  [36m150[0m  [36m(secretary/defroute "/" [][0m
  [33m151[0m  [1m  (session/put! :current-page #'home-page))[0m
  [0m   [0m  [33m   ^--- Use of undeclared Var session/put![0m
  [36m152[0m  [36m[0m
  [36m153[0m  [36m;; -------------------------[0m
  [36m154[0m  [36m;; History[0m
  [36m155[0m  [36m;; must be called after routes have been defined[0m
  [36m156[0m  [36m(defn hook-browser-navigation! [][0m

[36m----  Compiler Warning : Please see src/cljs/customer/core.cljs  ----[0m
[36m----  Compiler Warning on   src/cljs/customer/core.cljs   line:159  column:6  ----[0m

  [1mNo such namespace: EventType, could not locate EventType.cljs, EventType.cljc, or JavaScript source providing "EventType"[0m

  [36m155[0m  [36m;; must be called after routes have been defined[0m
  [36m156[0m  [36m(defn hook-browser-navigation! [][0m
  [36m157[0m  [36m  (doto (History.)[0m
  [36m158[0m  [36m    (events/listen[0m
  [33m159[0m  [1m     EventType/NAVIGATE[0m
  [0m   [0m  [33m     ^--- No such namespace: EventType, could not locate EventType.cljs, EventType.cljc, or JavaScript source providing "EventType"[0m
  [36m160[0m  [36m     (fn [event][0m
  [36m161[0m  [36m       (secretary/dispatch! (.-token event))))[0m
  [36m162[0m  [36m    (.setEnabled true)))[0m
  [36m163[0m  [36m[0m
  [36m164[0m  [36m;; -------------------------[0m

[36m----  Compiler Warning : Please see src/cljs/customer/core.cljs  ----[0m
[36m----  Compiler Warning on   src/cljs/customer/core.cljs   line:159  column:6  ----[0m

  [1mUse of undeclared Var EventType/NAVIGATE[0m

  [36m155[0m  [36m;; must be called after routes have been defined[0m
  [36m156[0m  [36m(defn hook-browser-navigation! [][0m
  [36m157[0m  [36m  (doto (History.)[0m
  [36m158[0m  [36m    (events/listen[0m
  [33m159[0m  [1m     EventType/NAVIGATE[0m
  [0m   [0m  [33m     ^--- Use of undeclared Var EventType/NAVIGATE[0m
  [36m160[0m  [36m     (fn [event][0m
  [36m161[0m  [36m       (secretary/dispatch! (.-token event))))[0m
  [36m162[0m  [36m    (.setEnabled true)))[0m
  [36m163[0m  [36m[0m
  [36m164[0m  [36m;; -------------------------[0m

[36m----  Compiler Warning : Please see src/cljs/customer/core.cljs  ----[0m
[36m----  Compiler Warning on   src/cljs/customer/core.cljs   line:168  column:2  ----[0m

  [1mNo such namespace: reagent, could not locate reagent.cljs, reagent.cljc, or JavaScript source providing "reagent"[0m

  [36m164[0m  [36m;; -------------------------[0m
  [36m165[0m  [36m;; Initialize app[0m
  [36m166[0m  [36m(defn init! [][0m
  [36m167[0m  [36m  (hook-browser-navigation!)[0m
  [33m168[0m  [1m(reagent/render-component [current-page] (.getElementById js/document "app")))[0m
  [0m   [0m  [33m ^--- No such namespace: reagent, could not locate reagent.cljs, reagent.cljc, or JavaScript source providing "reagent"[0m

[36m----  Compiler Warning : Please see src/cljs/customer/core.cljs  ----[0m
[36m----  Compiler Warning on   src/cljs/customer/core.cljs   line:168  column:2  ----[0m

  [1mUse of undeclared Var reagent/render-component[0m

  [36m164[0m  [36m;; -------------------------[0m
  [36m165[0m  [36m;; Initialize app[0m
  [36m166[0m  [36m(defn init! [][0m
  [36m167[0m  [36m  (hook-browser-navigation!)[0m
  [33m168[0m  [1m(reagent/render-component [current-page] (.getElementById js/document "app")))[0m
  [0m   [0m  [33m ^--- Use of undeclared Var reagent/render-component[0m

[36m----  Compiler Warning : Please see src/cljs/customer/core.cljs  ----[0m
[32mSuccessfully compiled build :app to "target/cljsbuild/public/js/app.js" in 0.816 seconds.[0m
notifying browser that file changed:  target/cljsbuild/public/js/out/customer/core.js
Compiling build :app to "target/cljsbuild/public/js/app.js" from ["src/cljs" "src/cljc" "env/dev/cljs"]...
[36m----  Compiler Warning on   src/cljs/customer/core.cljs   line:45  column:13  ----[0m

  [1mUse of undeclared Var customer.core/firstname[0m

  [36m41[0m  [36m(defn register-page [][0m
  [36m42[0m  [36m  [:div.container[0m
  [36m43[0m  [36m   [:form[0m
  [36m44[0m  [36m    [:h4 "Firstname: "][0m
  [33m45[0m  [1m    [:input firstname][:br][0m
  [0m  [0m  [33m            ^--- Use of undeclared Var customer.core/firstname[0m
  [36m46[0m  [36m    [:input lastname][:br][0m
  [36m47[0m  [36m    [:input][:br][0m
  [36m48[0m  [36m    [:input][:br]]])[0m
  [36m49[0m  [36m[0m
  [36m50[0m  [36m(defn login-page [][0m

[36m----  Compiler Warning : Please see src/cljs/customer/core.cljs  ----[0m
[36m----  Compiler Warning on   src/cljs/customer/core.cljs   line:46  column:13  ----[0m

  [1mUse of undeclared Var customer.core/lastname[0m

  [36m42[0m  [36m  [:div.container[0m
  [36m43[0m  [36m   [:form[0m
  [36m44[0m  [36m    [:h4 "Firstname: "][0m
  [36m45[0m  [36m    [:input firstname][:br][0m
  [33m46[0m  [1m    [:input lastname][:br][0m
  [0m  [0m  [33m            ^--- Use of undeclared Var customer.core/lastname[0m
  [36m47[0m  [36m    [:input][:br][0m
  [36m48[0m  [36m    [:input][:br]]])[0m
  [36m49[0m  [36m[0m
  [36m50[0m  [36m(defn login-page [][0m
  [36m51[0m  [36m  [:div.container[0m

[36m----  Compiler Warning : Please see src/cljs/customer/core.cljs  ----[0m
[32mSuccessfully compiled build :app to "target/cljsbuild/public/js/app.js" in 0.74 seconds.[0m
notifying browser that file changed:  target/cljsbuild/public/js/out/customer/core.js
Compiling build :app to "target/cljsbuild/public/js/app.js" from ["src/cljs" "src/cljc" "env/dev/cljs"]...
[36m----  Compiler Warning on   src/cljs/customer/core.cljs   line:45  column:13  ----[0m

  [1mUse of undeclared Var customer.core/firstname[0m

  [36m41[0m  [36m(defn register-page [][0m
  [36m42[0m  [36m  [:div.container[0m
  [36m43[0m  [36m   [:form[0m
  [36m44[0m  [36m    ["Firstname: "][0m
  [33m45[0m  [1m    [:input firstname][:br][0m
  [0m  [0m  [33m            ^--- Use of undeclared Var customer.core/firstname[0m
  [36m46[0m  [36m    [:input lastname][:br][0m
  [36m47[0m  [36m    [:input][:br][0m
  [36m48[0m  [36m    [:input][:br]]])[0m
  [36m49[0m  [36m[0m
  [36m50[0m  [36m(defn login-page [][0m

[36m----  Compiler Warning : Please see src/cljs/customer/core.cljs  ----[0m
[36m----  Compiler Warning on   src/cljs/customer/core.cljs   line:46  column:13  ----[0m

  [1mUse of undeclared Var customer.core/lastname[0m

  [36m42[0m  [36m  [:div.container[0m
  [36m43[0m  [36m   [:form[0m
  [36m44[0m  [36m    ["Firstname: "][0m
  [36m45[0m  [36m    [:input firstname][:br][0m
  [33m46[0m  [1m    [:input lastname][:br][0m
  [0m  [0m  [33m            ^--- Use of undeclared Var customer.core/lastname[0m
  [36m47[0m  [36m    [:input][:br][0m
  [36m48[0m  [36m    [:input][:br]]])[0m
  [36m49[0m  [36m[0m
  [36m50[0m  [36m(defn login-page [][0m
  [36m51[0m  [36m  [:div.container[0m

[36m----  Compiler Warning : Please see src/cljs/customer/core.cljs  ----[0m
[32mSuccessfully compiled build :app to "target/cljsbuild/public/js/app.js" in 0.685 seconds.[0m
notifying browser that file changed:  target/cljsbuild/public/js/out/customer/core.js
Compiling build :app to "target/cljsbuild/public/js/app.js" from ["src/cljs" "src/cljc" "env/dev/cljs"]...
[36m----  Compiler Warning on   src/cljs/customer/core.cljs   line:45  column:13  ----[0m

  [1mUse of undeclared Var customer.core/firstname[0m

  [36m41[0m  [36m(defn register-page [][0m
  [36m42[0m  [36m  [:div.container[0m
  [36m43[0m  [36m   [:form[0m
  [36m44[0m  [36m    [:p "Firstname: "][0m
  [33m45[0m  [1m    [:input firstname][:br][0m
  [0m  [0m  [33m            ^--- Use of undeclared Var customer.core/firstname[0m
  [36m46[0m  [36m    [:input lastname][:br][0m
  [36m47[0m  [36m    [:input][:br][0m
  [36m48[0m  [36m    [:input][:br]]])[0m
  [36m49[0m  [36m[0m
  [36m50[0m  [36m(defn login-page [][0m

[36m----  Compiler Warning : Please see src/cljs/customer/core.cljs  ----[0m
[36m----  Compiler Warning on   src/cljs/customer/core.cljs   line:46  column:13  ----[0m

  [1mUse of undeclared Var customer.core/lastname[0m

  [36m42[0m  [36m  [:div.container[0m
  [36m43[0m  [36m   [:form[0m
  [36m44[0m  [36m    [:p "Firstname: "][0m
  [36m45[0m  [36m    [:input firstname][:br][0m
  [33m46[0m  [1m    [:input lastname][:br][0m
  [0m  [0m  [33m            ^--- Use of undeclared Var customer.core/lastname[0m
  [36m47[0m  [36m    [:input][:br][0m
  [36m48[0m  [36m    [:input][:br]]])[0m
  [36m49[0m  [36m[0m
  [36m50[0m  [36m(defn login-page [][0m
  [36m51[0m  [36m  [:div.container[0m

[36m----  Compiler Warning : Please see src/cljs/customer/core.cljs  ----[0m
[32mSuccessfully compiled build :app to "target/cljsbuild/public/js/app.js" in 0.722 seconds.[0m
notifying browser that file changed:  target/cljsbuild/public/js/out/customer/core.js
Compiling build :app to "target/cljsbuild/public/js/app.js" from ["src/cljs" "src/cljc" "env/dev/cljs"]...
[36m----  Compiler Warning on   src/cljs/customer/core.cljs   line:45  column:13  ----[0m

  [1mUse of undeclared Var customer.core/firstname[0m

  [36m41[0m  [36m(defn register-page [][0m
  [36m42[0m  [36m  [:div.container[0m
  [36m43[0m  [36m   [:form[0m
  [36m44[0m  [36m    [:span "Firstname: "][0m
  [33m45[0m  [1m    [:input firstname][:br][0m
  [0m  [0m  [33m            ^--- Use of undeclared Var customer.core/firstname[0m
  [36m46[0m  [36m    [:input lastname][:br][0m
  [36m47[0m  [36m    [:input][:br][0m
  [36m48[0m  [36m    [:input][:br]]])[0m
  [36m49[0m  [36m[0m
  [36m50[0m  [36m(defn login-page [][0m

[36m----  Compiler Warning : Please see src/cljs/customer/core.cljs  ----[0m
[36m----  Compiler Warning on   src/cljs/customer/core.cljs   line:46  column:13  ----[0m

  [1mUse of undeclared Var customer.core/lastname[0m

  [36m42[0m  [36m  [:div.container[0m
  [36m43[0m  [36m   [:form[0m
  [36m44[0m  [36m    [:span "Firstname: "][0m
  [36m45[0m  [36m    [:input firstname][:br][0m
  [33m46[0m  [1m    [:input lastname][:br][0m
  [0m  [0m  [33m            ^--- Use of undeclared Var customer.core/lastname[0m
  [36m47[0m  [36m    [:input][:br][0m
  [36m48[0m  [36m    [:input][:br]]])[0m
  [36m49[0m  [36m[0m
  [36m50[0m  [36m(defn login-page [][0m
  [36m51[0m  [36m  [:div.container[0m

[36m----  Compiler Warning : Please see src/cljs/customer/core.cljs  ----[0m
[32mSuccessfully compiled build :app to "target/cljsbuild/public/js/app.js" in 0.655 seconds.[0m
notifying browser that file changed:  target/cljsbuild/public/js/out/customer/core.js
Compiling build :app to "target/cljsbuild/public/js/app.js" from ["src/cljs" "src/cljc" "env/dev/cljs"]...
[36m----  Compiler Warning on   src/cljs/customer/core.cljs   line:45  column:14  ----[0m

  [1mUse of undeclared Var customer.core/firstname[0m

  [36m41[0m  [36m(defn register-page [][0m
  [36m42[0m  [36m  [:div.container[0m
  [36m43[0m  [36m   [:form[0m
  [36m44[0m  [36m    [:span "Firstname: "][0m
  [33m45[0m  [1m     [:input firstname][:br][0m
  [0m  [0m  [33m             ^--- Use of undeclared Var customer.core/firstname[0m
  [36m46[0m  [36m    [:span "Lastname: "][0m
  [36m47[0m  [36m     [:input lastname][:br][0m
  [36m48[0m  [36m[0m
  [36m49[0m  [36m    [:input email][:br][0m
  [36m50[0m  [36m    [:input][:br]]])[0m

[36m----  Compiler Warning : Please see src/cljs/customer/core.cljs  ----[0m
[36m----  Compiler Warning on   src/cljs/customer/core.cljs   line:47  column:14  ----[0m

  [1mUse of undeclared Var customer.core/lastname[0m

  [36m43[0m  [36m   [:form[0m
  [36m44[0m  [36m    [:span "Firstname: "][0m
  [36m45[0m  [36m     [:input firstname][:br][0m
  [36m46[0m  [36m    [:span "Lastname: "][0m
  [33m47[0m  [1m     [:input lastname][:br][0m
  [0m  [0m  [33m             ^--- Use of undeclared Var customer.core/lastname[0m
  [36m48[0m  [36m[0m
  [36m49[0m  [36m    [:input email][:br][0m
  [36m50[0m  [36m    [:input][:br]]])[0m
  [36m51[0m  [36m[0m
  [36m52[0m  [36m(defn login-page [][0m

[36m----  Compiler Warning : Please see src/cljs/customer/core.cljs  ----[0m
[36m----  Compiler Warning on   src/cljs/customer/core.cljs   line:49  column:13  ----[0m

  [1mUse of undeclared Var customer.core/email[0m

  [36m45[0m  [36m     [:input firstname][:br][0m
  [36m46[0m  [36m    [:span "Lastname: "][0m
  [36m47[0m  [36m     [:input lastname][:br][0m
  [36m48[0m  [36m[0m
  [33m49[0m  [1m    [:input email][:br][0m
  [0m  [0m  [33m            ^--- Use of undeclared Var customer.core/email[0m
  [36m50[0m  [36m    [:input][:br]]])[0m
  [36m51[0m  [36m[0m
  [36m52[0m  [36m(defn login-page [][0m
  [36m53[0m  [36m  [:div.container[0m
  [36m54[0m  [36m   [:div.row[0m

[36m----  Compiler Warning : Please see src/cljs/customer/core.cljs  ----[0m
[32mSuccessfully compiled build :app to "target/cljsbuild/public/js/app.js" in 0.729 seconds.[0m
notifying browser that file changed:  target/cljsbuild/public/js/out/customer/core.js
Compiling build :app to "target/cljsbuild/public/js/app.js" from ["src/cljs" "src/cljc" "env/dev/cljs"]...
[31mFailed to compile build :app from ["src/cljs" "src/cljc" "env/dev/cljs"] in 0.591 seconds.[0m
[36m----  Could not Read  src/cljs/customer/core.cljs   line:52 ----[0m

  [1m/home/s33r/Projects/customer/src/cljs/customer/core.cljs [line 52, col 55] Unmatched delimiter ].[0m

  [36m50[0m  [36m;;    [:input][:br][0m
  [36m51[0m  [36m[0m
  [33m52[0m  [1m[:input.form-control {:field :text :id :first-name}]]])[0m
  [0m  [0m  [33m/home/s33r/Projects/customer/src/cljs/customer/core.cljs [line 52, col 55] Unmatched delimiter ].[0m
  [36m53[0m  [36m[0m
  [36m54[0m  [36m(defn login-page [][0m
  [36m55[0m  [36m  [:div.container[0m

[36m----  Reader Error : Please see src/cljs/customer/core.cljs  ----[0m
Compiling build :app to "target/cljsbuild/public/js/app.js" from ["src/cljs" "src/cljc" "env/dev/cljs"]...
[31mFailed to compile build :app from ["src/cljs" "src/cljc" "env/dev/cljs"] in 0.541 seconds.[0m
[36m----  Could not Read  src/cljs/customer/core.cljs   line:52 ----[0m

  [1m/home/s33r/Projects/customer/src/cljs/customer/core.cljs [line 52, col 55] Unmatched delimiter ].[0m

  [36m50[0m  [36m;;    [:input][:br][0m
  [36m51[0m  [36m[0m
  [33m52[0m  [1m[:input.form-control {:field :text :id :first-name}]]])[0m
  [0m  [0m  [33m/home/s33r/Projects/customer/src/cljs/customer/core.cljs [line 52, col 55] Unmatched delimiter ].[0m
  [36m53[0m  [36m[0m
  [36m54[0m  [36m(defn login-page [][0m
  [36m55[0m  [36m  [:div.container[0m

[36m----  Reader Error : Please see src/cljs/customer/core.cljs  ----[0m
Compiling build :app to "target/cljsbuild/public/js/app.js" from ["src/cljs" "src/cljc" "env/dev/cljs"]...
[32mSuccessfully compiled build :app to "target/cljsbuild/public/js/app.js" in 0.953 seconds.[0m
notifying browser that file changed:  target/cljsbuild/public/js/out/goog/deps.js
notifying browser that file changed:  target/cljsbuild/public/js/out/cljs_deps.js
notifying browser that file changed:  target/cljsbuild/public/js/out/customer/core.js
Compiling build :app to "target/cljsbuild/public/js/app.js" from ["src/cljs" "src/cljc" "env/dev/cljs"]...
[32mSuccessfully compiled build :app to "target/cljsbuild/public/js/app.js" in 1.054 seconds.[0m
notifying browser that file changed:  target/cljsbuild/public/js/out/goog/deps.js
notifying browser that file changed:  target/cljsbuild/public/js/out/cljs_deps.js
notifying browser that file changed:  target/cljsbuild/public/js/out/customer/core.js
Compiling build :app to "target/cljsbuild/public/js/app.js" from ["src/cljs" "src/cljc" "env/dev/cljs"]...
[31mFailed to compile build :app from ["src/cljs" "src/cljc" "env/dev/cljs"] in 0.57 seconds.[0m
[36m----  Could not Analyze  src/cljs/customer/core.cljs  ----[0m

  [1mNo such namespace: reagent.session, could not locate reagent/session.cljs, reagent/session.cljc, or JavaScript source providing "reagent.session" [0m

[36m----  Analysis Error : Please see src/cljs/customer/core.cljs  ----[0m
Compiling build :app to "target/cljsbuild/public/js/app.js" from ["src/cljs" "src/cljc" "env/dev/cljs"]...
[31mFailed to compile build :app from ["src/cljs" "src/cljc" "env/dev/cljs"] in 0.908 seconds.[0m
[36m----  Could not Analyze  src/cljs/customer/core.cljs  ----[0m

  [1mNo such namespace: reagent.session, could not locate reagent/session.cljs, reagent/session.cljc, or JavaScript source providing "reagent.session" [0m

[36m----  Analysis Error : Please see src/cljs/customer/core.cljs  ----[0m
Compiling build :app to "target/cljsbuild/public/js/app.js" from ["src/cljs" "src/cljc" "env/dev/cljs"]...
[31mFailed to compile build :app from ["src/cljs" "src/cljc" "env/dev/cljs"] in 0.532 seconds.[0m
[36m----  Could not Analyze  src/cljs/customer/core.cljs  ----[0m

  [1mNo such namespace: reagent.session, could not locate reagent/session.cljs, reagent/session.cljc, or JavaScript source providing "reagent.session" [0m

[36m----  Analysis Error : Please see src/cljs/customer/core.cljs  ----[0m
Compiling build :app to "target/cljsbuild/public/js/app.js" from ["src/cljs" "src/cljc" "env/dev/cljs"]...
[32mSuccessfully compiled build :app to "target/cljsbuild/public/js/app.js" in 0.826 seconds.[0m
notifying browser that file changed:  target/cljsbuild/public/js/out/goog/deps.js
notifying browser that file changed:  target/cljsbuild/public/js/out/cljs_deps.js
notifying browser that file changed:  target/cljsbuild/public/js/out/customer/core.js
Compiling build :app to "target/cljsbuild/public/js/app.js" from ["src/cljs" "src/cljc" "env/dev/cljs"]...
[32mSuccessfully compiled build :app to "target/cljsbuild/public/js/app.js" in 0.863 seconds.[0m
notifying browser that file changed:  target/cljsbuild/public/js/out/customer/core.js
Compiling build :app to "target/cljsbuild/public/js/app.js" from ["src/cljs" "src/cljc" "env/dev/cljs"]...
[31mFailed to compile build :app from ["src/cljs" "src/cljc" "env/dev/cljs"] in 0.535 seconds.[0m
[36m----  Could not Read  src/cljs/customer/core.cljs   line:132 ----[0m

  [1m/home/s33r/Projects/customer/src/cljs/customer/core.cljs [line 132, col 1] Unexpected EOF while reading item 12 of vector, starting at line 72 and column 7.[0m

[36m----  Reader Error : Please see src/cljs/customer/core.cljs  ----[0m
Compiling build :app to "target/cljsbuild/public/js/app.js" from ["src/cljs" "src/cljc" "env/dev/cljs"]...
[32mSuccessfully compiled build :app to "target/cljsbuild/public/js/app.js" in 0.732 seconds.[0m
notifying browser that file changed:  target/cljsbuild/public/js/out/customer/core.js
Compiling build :app to "target/cljsbuild/public/js/app.js" from ["src/cljs" "src/cljc" "env/dev/cljs"]...
[36m----  Compiler Warning on   src/cljs/customer/core.cljs   line:45  column:6  ----[0m

  [1mUse of undeclared Var customer.core/register-form[0m

  [36m42[0m  [36m(defn register-page [][0m
  [36m43[0m  [36m  [:div.container[0m
  [36m44[0m  [36m   [:div.col-md-12 [0m
  [33m45[0m  [1m    [register-form]]])[0m
  [0m  [0m  [33m     ^--- Use of undeclared Var customer.core/register-form[0m
  [36m46[0m  [36m[0m
  [36m47[0m  [36m[0m
  [36m48[0m  [36m(defn login-page [][0m
  [36m49[0m  [36m  [:div.container[0m
  [36m50[0m  [36m   [:div.row[0m

[36m----  Compiler Warning : Please see src/cljs/customer/core.cljs  ----[0m
[32mSuccessfully compiled build :app to "target/cljsbuild/public/js/app.js" in 0.9 seconds.[0m
notifying browser that file changed:  target/cljsbuild/public/js/out/customer/core.js
Compiling build :app to "target/cljsbuild/public/js/app.js" from ["src/cljs" "src/cljc" "env/dev/cljs"]...
[32mSuccessfully compiled build :app to "target/cljsbuild/public/js/app.js" in 0.802 seconds.[0m
notifying browser that file changed:  target/cljsbuild/public/js/out/customer/core.js
Compiling build :app to "target/cljsbuild/public/js/app.js" from ["src/cljs" "src/cljc" "env/dev/cljs"]...
[36m----  Compiler Warning on   src/cljs/customer/core.cljs   line:49  column:6  ----[0m

  [1mUse of undeclared Var customer.core/register-form[0m

  [36m46[0m  [36m(defn register-page [][0m
  [36m47[0m  [36m  [:div.row[0m
  [36m48[0m  [36m   [:div.span12 [0m
  [33m49[0m  [1m    [register-form]]])[0m
  [0m  [0m  [33m     ^--- Use of undeclared Var customer.core/register-form[0m
  [36m50[0m  [36m[0m
  [36m51[0m  [36m[0m
  [36m52[0m  [36m(defn login-page [][0m
  [36m53[0m  [36m  [:div.container[0m
  [36m54[0m  [36m   [:div.row[0m

[36m----  Compiler Warning : Please see src/cljs/customer/core.cljs  ----[0m
[32mSuccessfully compiled build :app to "target/cljsbuild/public/js/app.js" in 2.417 seconds.[0m
notifying browser that file changed:  target/cljsbuild/public/js/out/goog/deps.js
notifying browser that file changed:  target/cljsbuild/public/js/out/cljs_deps.js
notifying browser that file changed:  target/cljsbuild/public/js/out/customer/core.js
Compiling build :app to "target/cljsbuild/public/js/app.js" from ["src/cljs" "src/cljc" "env/dev/cljs"]...
[32mSuccessfully compiled build :app to "target/cljsbuild/public/js/app.js" in 1.129 seconds.[0m
notifying browser that file changed:  target/cljsbuild/public/js/out/customer/core.js
Compiling build :app to "target/cljsbuild/public/js/app.js" from ["src/cljs" "src/cljc" "env/dev/cljs"]...
[32mSuccessfully compiled build :app to "target/cljsbuild/public/js/app.js" in 0.743 seconds.[0m
notifying browser that file changed:  target/cljsbuild/public/js/out/customer/core.js
Compiling build :app to "target/cljsbuild/public/js/app.js" from ["src/cljs" "src/cljc" "env/dev/cljs"]...
[32mSuccessfully compiled build :app to "target/cljsbuild/public/js/app.js" in 0.936 seconds.[0m
notifying browser that file changed:  target/cljsbuild/public/js/out/customer/core.js
Compiling build :app to "target/cljsbuild/public/js/app.js" from ["src/cljs" "src/cljc" "env/dev/cljs"]...
[32mSuccessfully compiled build :app to "target/cljsbuild/public/js/app.js" in 0.709 seconds.[0m
notifying browser that file changed:  target/cljsbuild/public/js/out/customer/core.js
Compiling build :app to "target/cljsbuild/public/js/app.js" from ["src/cljs" "src/cljc" "env/dev/cljs"]...
[32mSuccessfully compiled build :app to "target/cljsbuild/public/js/app.js" in 0.924 seconds.[0m
notifying browser that file changed:  target/cljsbuild/public/js/out/customer/core.js
Compiling build :app to "target/cljsbuild/public/js/app.js" from ["src/cljs" "src/cljc" "env/dev/cljs"]...
[32mSuccessfully compiled build :app to "target/cljsbuild/public/js/app.js" in 0.699 seconds.[0m
notifying browser that file changed:  target/cljsbuild/public/js/out/customer/core.js
Compiling build :app to "target/cljsbuild/public/js/app.js" from ["src/cljs" "src/cljc" "env/dev/cljs"]...
[32mSuccessfully compiled build :app to "target/cljsbuild/public/js/app.js" in 0.725 seconds.[0m
notifying browser that file changed:  target/cljsbuild/public/js/out/customer/core.js
Compiling build :app to "target/cljsbuild/public/js/app.js" from ["src/cljs" "src/cljc" "env/dev/cljs"]...
[31mFailed to compile build :app from ["src/cljs" "src/cljc" "env/dev/cljs"] in 0.523 seconds.[0m
[36m----  Could not Read  src/cljs/customer/core.cljs   line:48 ----[0m

  [1m/home/s33r/Projects/customer/src/cljs/customer/core.cljs [line 48, col 90] Unmatched delimiter }.[0m

  [36m46[0m  [36m  [:span "Username"][:input.form-control {:field :text :id :username}][0m
  [36m47[0m  [36m  [:span "Password"][:input.form-control {:field :password :id :password}][0m
  [33m48[0m  [1m  [:span "Confirm Password"][:input.form-control :password :id :confirm-password}][0m
  [0m  [0m  [33m  /home/s33r/Projects/customer/src/cljs/customer/core.cljs [line 48, col 90] Unmatched delimiter }.[0m
  [36m49[0m  [36m  [:button {:type "submit"}[0m
  [36m50[0m  [36m"Submit reg form"]]])))[0m

[36m----  Reader Error : Please see src/cljs/customer/core.cljs  ----[0m
Compiling build :app to "target/cljsbuild/public/js/app.js" from ["src/cljs" "src/cljc" "env/dev/cljs"]...
[32mSuccessfully compiled build :app to "target/cljsbuild/public/js/app.js" in 0.64 seconds.[0m
notifying browser that file changed:  target/cljsbuild/public/js/out/customer/core.js
Compiling build :app to "target/cljsbuild/public/js/app.js" from ["src/cljs" "src/cljc" "env/dev/cljs"]...
[32mSuccessfully compiled build :app to "target/cljsbuild/public/js/app.js" in 0.65 seconds.[0m
notifying browser that file changed:  target/cljsbuild/public/js/out/customer/core.js
Compiling build :app to "target/cljsbuild/public/js/app.js" from ["src/cljs" "src/cljc" "env/dev/cljs"]...
[32mSuccessfully compiled build :app to "target/cljsbuild/public/js/app.js" in 0.662 seconds.[0m
notifying browser that file changed:  target/cljsbuild/public/js/out/customer/core.js
Compiling build :app to "target/cljsbuild/public/js/app.js" from ["src/cljs" "src/cljc" "env/dev/cljs"]...
[32mSuccessfully compiled build :app to "target/cljsbuild/public/js/app.js" in 0.706 seconds.[0m
notifying browser that file changed:  target/cljsbuild/public/js/out/customer/core.js
Compiling build :app to "target/cljsbuild/public/js/app.js" from ["src/cljs" "src/cljc" "env/dev/cljs"]...
[32mSuccessfully compiled build :app to "target/cljsbuild/public/js/app.js" in 0.693 seconds.[0m
notifying browser that file changed:  target/cljsbuild/public/js/out/customer/core.js
Compiling build :app to "target/cljsbuild/public/js/app.js" from ["src/cljs" "src/cljc" "env/dev/cljs"]...
[32mSuccessfully compiled build :app to "target/cljsbuild/public/js/app.js" in 0.694 seconds.[0m
notifying browser that file changed:  target/cljsbuild/public/js/out/customer/core.js
Compiling build :app to "target/cljsbuild/public/js/app.js" from ["src/cljs" "src/cljc" "env/dev/cljs"]...
[32mSuccessfully compiled build :app to "target/cljsbuild/public/js/app.js" in 0.675 seconds.[0m
notifying browser that file changed:  target/cljsbuild/public/js/out/customer/core.js
Compiling build :app to "target/cljsbuild/public/js/app.js" from ["src/cljs" "src/cljc" "env/dev/cljs"]...
[31mFailed to compile build :app from ["src/cljs" "src/cljc" "env/dev/cljs"] in 0.464 seconds.[0m
[36m----  Could not Read  src/cljs/customer/core.cljs   line:164 ----[0m

  [1m/home/s33r/Projects/customer/src/cljs/customer/core.cljs [line 164, col 1] Unexpected EOF while reading item 18 of list, starting at line 38 and column 3.[0m

[36m----  Reader Error : Please see src/cljs/customer/core.cljs  ----[0m
Compiling build :app to "target/cljsbuild/public/js/app.js" from ["src/cljs" "src/cljc" "env/dev/cljs"]...
[36m----  Compiler Warning on   src/cljs/customer/core.cljs   line:40  column:20  ----[0m

  [1mUse of undeclared Var customer.core/log[0m

  [36m37[0m  [36m(defn send-post! [fields][0m
  [36m38[0m  [36m  (POST "/register"[0m
  [36m39[0m  [36m        {:params @fields[0m
  [33m40[0m  [1m         :handler #(log. js/console (str "response:" %))[0m
  [0m  [0m  [33m                   ^--- Use of undeclared Var customer.core/log[0m
  [36m41[0m  [36m         :error-handler #(.error js/console (str "error:" %))}))[0m
  [36m42[0m  [36m[0m
  [36m43[0m  [36m(defn register-form [][0m
  [36m44[0m  [36m (let [fields (atom {})][0m
  [36m45[0m  [36m  (fn [][0m

[36m----  Compiler Warning : Please see src/cljs/customer/core.cljs  ----[0m
[36m----  Compiler Warning on   src/cljs/customer/core.cljs   line:40  column:20  ----[0m

  [1mUse of undeclared Var customer.core/log[0m

  [36m37[0m  [36m(defn send-post! [fields][0m
  [36m38[0m  [36m  (POST "/register"[0m
  [36m39[0m  [36m        {:params @fields[0m
  [33m40[0m  [1m         :handler #(log. js/console (str "response:" %))[0m
  [0m  [0m  [33m                   ^--- Use of undeclared Var customer.core/log[0m
  [36m41[0m  [36m         :error-handler #(.error js/console (str "error:" %))}))[0m
  [36m42[0m  [36m[0m
  [36m43[0m  [36m(defn register-form [][0m
  [36m44[0m  [36m (let [fields (atom {})][0m
  [36m45[0m  [36m  (fn [][0m

[36m----  Compiler Warning : Please see src/cljs/customer/core.cljs  ----[0m
[36m----  Compiler Warning on   src/cljs/customer/core.cljs   line:78  column:55  ----[0m

  [1mUse of undeclared Var customer.core/send-form![0m

  [36m74[0m  [36m    {:type :password[0m
  [36m75[0m  [36m     :password :password[0m
  [36m76[0m  [36m     :on-change #(swap! fields assoc :password (-> % .-target .-value))[0m
  [36m77[0m  [36m     :value (:password @fields)}]][0m
  [33m78[0m  [1m   [:input.btn.btn-primary {:type :submit :on-click #(send-form! fields) :value "Submit"}]]])))[0m
  [0m  [0m  [33m                                                      ^--- Use of undeclared Var customer.core/send-form![0m
  [36m79[0m  [36m[0m
  [36m80[0m  [36m(defn about-page [][0m
  [36m81[0m  [36m  [:div.container[0m
  [36m82[0m  [36m   [:div.row[0m
  [36m83[0m  [36m    [:div.col-md-12[0m

[36m----  Compiler Warning : Please see src/cljs/customer/core.cljs  ----[0m
[32mSuccessfully compiled build :app to "target/cljsbuild/public/js/app.js" in 0.767 seconds.[0m
notifying browser that file changed:  target/cljsbuild/public/js/out/customer/core.js
Compiling build :app to "target/cljsbuild/public/js/app.js" from ["src/cljs" "src/cljc" "env/dev/cljs"]...
[36m----  Compiler Warning on   src/cljs/customer/core.cljs   line:78  column:55  ----[0m

  [1mUse of undeclared Var customer.core/send-form![0m

  [36m74[0m  [36m    {:type :password[0m
  [36m75[0m  [36m     :password :password[0m
  [36m76[0m  [36m     :on-change #(swap! fields assoc :password (-> % .-target .-value))[0m
  [36m77[0m  [36m     :value (:password @fields)}]][0m
  [33m78[0m  [1m   [:input.btn.btn-primary {:type :submit :on-click #(send-form! fields) :value "Submit"}]]])))[0m
  [0m  [0m  [33m                                                      ^--- Use of undeclared Var customer.core/send-form![0m
  [36m79[0m  [36m[0m
  [36m80[0m  [36m(defn about-page [][0m
  [36m81[0m  [36m  [:div.container[0m
  [36m82[0m  [36m   [:div.row[0m
  [36m83[0m  [36m    [:div.col-md-12[0m

[36m----  Compiler Warning : Please see src/cljs/customer/core.cljs  ----[0m
[32mSuccessfully compiled build :app to "target/cljsbuild/public/js/app.js" in 0.758 seconds.[0m
notifying browser that file changed:  target/cljsbuild/public/js/out/customer/core.js
Compiling build :app to "target/cljsbuild/public/js/app.js" from ["src/cljs" "src/cljc" "env/dev/cljs"]...
[32mSuccessfully compiled build :app to "target/cljsbuild/public/js/app.js" in 0.678 seconds.[0m
notifying browser that file changed:  target/cljsbuild/public/js/out/customer/core.js
Compiling build :app to "target/cljsbuild/public/js/app.js" from ["src/cljs" "src/cljc" "env/dev/cljs"]...
[31mFailed to compile build :app from ["src/cljs" "src/cljc" "env/dev/cljs"] in 1.278 seconds.[0m
[36m----  Could not Read  src/cljs/customer/core.cljs   line:166 ----[0m

  [1m/home/s33r/Projects/customer/src/cljs/customer/core.cljs [line 166, col 1] Unexpected EOF while reading item 19 of list, starting at line 43 and column 1.[0m

[36m----  Reader Error : Please see src/cljs/customer/core.cljs  ----[0m
Compiling build :app to "target/cljsbuild/public/js/app.js" from ["src/cljs" "src/cljc" "env/dev/cljs"]...
[32mSuccessfully compiled build :app to "target/cljsbuild/public/js/app.js" in 1.662 seconds.[0m
notifying browser that file changed:  target/cljsbuild/public/js/out/goog/deps.js
notifying browser that file changed:  target/cljsbuild/public/js/out/cljs_deps.js
notifying browser that file changed:  target/cljsbuild/public/js/out/customer/core.js
Compiling build :app to "target/cljsbuild/public/js/app.js" from ["src/cljs" "src/cljc" "env/dev/cljs"]...
[32mSuccessfully compiled build :app to "target/cljsbuild/public/js/app.js" in 1.096 seconds.[0m
notifying browser that file changed:  target/cljsbuild/public/js/out/customer/core.js
Compiling build :app to "target/cljsbuild/public/js/app.js" from ["src/cljs" "src/cljc" "env/dev/cljs"]...
[32mSuccessfully compiled build :app to "target/cljsbuild/public/js/app.js" in 0.904 seconds.[0m
notifying browser that file changed:  target/cljsbuild/public/js/out/customer/core.js
Compiling build :app to "target/cljsbuild/public/js/app.js" from ["src/cljs" "src/cljc" "env/dev/cljs"]...
[32mSuccessfully compiled build :app to "target/cljsbuild/public/js/app.js" in 0.97 seconds.[0m
notifying browser that file changed:  target/cljsbuild/public/js/out/customer/core.js
Compiling build :app to "target/cljsbuild/public/js/app.js" from ["src/cljs" "src/cljc" "env/dev/cljs"]...
[32mSuccessfully compiled build :app to "target/cljsbuild/public/js/app.js" in 0.969 seconds.[0m
notifying browser that file changed:  target/cljsbuild/public/js/out/customer/core.js
Compiling build :app to "target/cljsbuild/public/js/app.js" from ["src/cljs" "src/cljc" "env/dev/cljs"]...
[32mSuccessfully compiled build :app to "target/cljsbuild/public/js/app.js" in 1.106 seconds.[0m
notifying browser that file changed:  target/cljsbuild/public/js/out/goog/deps.js
notifying browser that file changed:  target/cljsbuild/public/js/out/cljs_deps.js
notifying browser that file changed:  target/cljsbuild/public/js/out/customer/core.js
Compiling build :app to "target/cljsbuild/public/js/app.js" from ["src/cljs" "src/cljc" "env/dev/cljs"]...
[31mFailed to compile build :app from ["src/cljs" "src/cljc" "env/dev/cljs"] in 0.599 seconds.[0m
[36m----  Could not Read  src/cljs/customer/core.cljs   line:53 ----[0m

  [1m/home/s33r/Projects/customer/src/cljs/customer/core.cljs [line 53, col 34] The map literal starting with :type on line 50 column 5 contains 7 form(s). Map literals must contain an even number of forms.[0m

  [36m51[0m  [36m  :firstname [0m
  [36m52[0m  [36m  :on-change #(swap! fields assoc :firstname (-> % .-target .-value))[0m
  [33m53[0m  [1m  :value (:firstname @fields)}]][0m
  [0m  [0m  [33m  /home/s33r/Projects/customer/src/cljs/customer/core.cljs [line 53, col 34] The map literal starting with :type on line 50 column 5 contains 7 form(s). Map literals must contain an even number of forms.[0m
  [36m54[0m  [36m[:p "Last Name: "[0m
  [36m55[0m  [36m [:input.form-control[0m
  [36m56[0m  [36m {:type :text[0m

[36m----  Reader Error : Please see src/cljs/customer/core.cljs  ----[0m
Compiling build :app to "target/cljsbuild/public/js/app.js" from ["src/cljs" "src/cljc" "env/dev/cljs"]...
[32mSuccessfully compiled build :app to "target/cljsbuild/public/js/app.js" in 0.859 seconds.[0m
notifying browser that file changed:  target/cljsbuild/public/js/out/customer/core.js
Compiling build :app to "target/cljsbuild/public/js/app.js" from ["src/cljs" "src/cljc" "env/dev/cljs"]...
[32mSuccessfully compiled build :app to "target/cljsbuild/public/js/app.js" in 0.871 seconds.[0m
notifying browser that file changed:  target/cljsbuild/public/js/out/goog/deps.js
notifying browser that file changed:  target/cljsbuild/public/js/out/cljs_deps.js
notifying browser that file changed:  target/cljsbuild/public/js/out/customer/core.js
Compiling build :app to "target/cljsbuild/public/js/app.js" from ["src/cljs" "src/cljc" "env/dev/cljs"]...
[31mFailed to compile build :app from ["src/cljs" "src/cljc" "env/dev/cljs"] in 0.608 seconds.[0m
[36m----  Could not Read  src/cljs/customer/core.cljs   line:53 ----[0m

  [1m/home/s33r/Projects/customer/src/cljs/customer/core.cljs [line 53, col 34] The map literal starting with :type on line 50 column 5 contains 5 form(s). Map literals must contain an even number of forms.[0m

  [36m51[0m  [36m :firstname [0m
  [36m52[0m  [36m  ;;:on-change #(swap! fields assoc :firstname (-> % .-target .-value))[0m
  [33m53[0m  [1m  :value (:firstname @fields)}]][0m
  [0m  [0m  [33m  /home/s33r/Projects/customer/src/cljs/customer/core.cljs [line 53, col 34] The map literal starting with :type on line 50 column 5 contains 5 form(s). Map literals must contain an even number of forms.[0m
  [36m54[0m  [36m[:p "Last Name: "[0m
  [36m55[0m  [36m [:input.form-control[0m
  [36m56[0m  [36m {:type :text[0m

[36m----  Reader Error : Please see src/cljs/customer/core.cljs  ----[0m
Compiling build :app to "target/cljsbuild/public/js/app.js" from ["src/cljs" "src/cljc" "env/dev/cljs"]...
[32mSuccessfully compiled build :app to "target/cljsbuild/public/js/app.js" in 0.749 seconds.[0m
notifying browser that file changed:  target/cljsbuild/public/js/out/customer/core.js
Compiling build :app to "target/cljsbuild/public/js/app.js" from ["src/cljs" "src/cljc" "env/dev/cljs"]...
[32mSuccessfully compiled build :app to "target/cljsbuild/public/js/app.js" in 0.774 seconds.[0m
notifying browser that file changed:  target/cljsbuild/public/js/out/customer/core.js
Compiling build :app to "target/cljsbuild/public/js/app.js" from ["src/cljs" "src/cljc" "env/dev/cljs"]...
[32mSuccessfully compiled build :app to "target/cljsbuild/public/js/app.js" in 0.739 seconds.[0m
notifying browser that file changed:  target/cljsbuild/public/js/out/customer/core.js
Compiling build :app to "target/cljsbuild/public/js/app.js" from ["src/cljs" "src/cljc" "env/dev/cljs"]...
[32mSuccessfully compiled build :app to "target/cljsbuild/public/js/app.js" in 0.797 seconds.[0m
notifying browser that file changed:  target/cljsbuild/public/js/out/customer/core.js
Compiling build :app to "target/cljsbuild/public/js/app.js" from ["src/cljs" "src/cljc" "env/dev/cljs"]...
[32mSuccessfully compiled build :app to "target/cljsbuild/public/js/app.js" in 0.68 seconds.[0m
notifying browser that file changed:  target/cljsbuild/public/js/out/customer/core.js
Compiling build :app to "target/cljsbuild/public/js/app.js" from ["src/cljs" "src/cljc" "env/dev/cljs"]...
[32mSuccessfully compiled build :app to "target/cljsbuild/public/js/app.js" in 0.754 seconds.[0m
notifying browser that file changed:  target/cljsbuild/public/js/out/customer/core.js
Compiling build :app to "target/cljsbuild/public/js/app.js" from ["src/cljs" "src/cljc" "env/dev/cljs"]...
[31mFailed to compile build :app from ["src/cljs" "src/cljc" "env/dev/cljs"] in 0.455 seconds.[0m
[36m----  Could not Read  src/cljs/customer/core.cljs   line:53 ----[0m

  [1m/home/s33r/Projects/customer/src/cljs/customer/core.cljs [line 53, col 41] The map literal starting with :type on line 50 column 13 contains 7 form(s). Map literals must contain an even number of forms.[0m

  [36m51[0m  [36m    :firstname :firstname [0m
  [36m52[0m  [36m    :on-change ;;#(swap! fields assoc :firstname (-> % .-target .-value))[0m
  [33m53[0m  [1m    :value (:firstname @fields)}]][0m
  [0m  [0m  [33m    /home/s33r/Projects/customer/src/cljs/customer/core.cljs [line 53, col 41] The map literal starting with :type on line 50 column 13 contains 7 form(s). Map literals must contain an even number of forms.[0m
  [36m54[0m  [36m[:p "Last Name: "[0m
  [36m55[0m  [36m  [:input.form-control[0m
  [36m56[0m  [36m    {:type :text[0m

[36m----  Reader Error : Please see src/cljs/customer/core.cljs  ----[0m
Compiling build :app to "target/cljsbuild/public/js/app.js" from ["src/cljs" "src/cljc" "env/dev/cljs"]...
[32mSuccessfully compiled build :app to "target/cljsbuild/public/js/app.js" in 0.657 seconds.[0m
notifying browser that file changed:  target/cljsbuild/public/js/out/customer/core.js
Compiling build :app to "target/cljsbuild/public/js/app.js" from ["src/cljs" "src/cljc" "env/dev/cljs"]...
[32mSuccessfully compiled build :app to "target/cljsbuild/public/js/app.js" in 0.66 seconds.[0m
notifying browser that file changed:  target/cljsbuild/public/js/out/customer/core.js
Compiling build :app to "target/cljsbuild/public/js/app.js" from ["src/cljs" "src/cljc" "env/dev/cljs"]...
[32mSuccessfully compiled build :app to "target/cljsbuild/public/js/app.js" in 0.678 seconds.[0m
notifying browser that file changed:  target/cljsbuild/public/js/out/customer/core.js
Compiling build :app to "target/cljsbuild/public/js/app.js" from ["src/cljs" "src/cljc" "env/dev/cljs"]...
[31mFailed to compile build :app from ["src/cljs" "src/cljc" "env/dev/cljs"] in 0.577 seconds.[0m
[36m----  Could not Analyze  src/cljs/customer/core.cljs   line:43  column:1  ----[0m

  [1mToo many arguments to def at line 43 /home/s33r/Projects/customer/src/cljs/customer/core.cljs[0m

  [36m41[0m  [36m         :error-handler #(.error js/console (str "error:" %))}))[0m
  [36m42[0m  [36m[0m
  [33m43[0m  [1m(def fields (atom {})[0m
  [0m  [0m  [33m^--- Too many arguments to def at line 43 /home/s33r/Projects/customer/src/cljs/customer/core.cljs[0m
  [36m44[0m  [36m  "hi")[0m
  [36m45[0m  [36m(defn register-form [][0m
  [36m46[0m  [36m (let [fieldis (atom {})][0m

[36m----  Analysis Error : Please see src/cljs/customer/core.cljs  ----[0m
Compiling build :app to "target/cljsbuild/public/js/app.js" from ["src/cljs" "src/cljc" "env/dev/cljs"]...
[32mSuccessfully compiled build :app to "target/cljsbuild/public/js/app.js" in 0.809 seconds.[0m
notifying browser that file changed:  target/cljsbuild/public/js/out/goog/deps.js
notifying browser that file changed:  target/cljsbuild/public/js/out/cljs_deps.js
notifying browser that file changed:  target/cljsbuild/public/js/out/customer/core.js
Compiling build :app to "target/cljsbuild/public/js/app.js" from ["src/cljs" "src/cljc" "env/dev/cljs"]...
[36m----  Compiler Warning on   src/cljs/customer/core.cljs   line:61  column:20  ----[0m

  [1mWrong number of args (1) passed to cljs.core/get-in[0m

  [36m57[0m  [36m  [:input.form-control[0m
  [36m58[0m  [36m    {:type :text[0m
  [36m59[0m  [36m    :lastname :lastname[0m
  [36m60[0m  [36m    :on-change #(swap! fields assoc :lastname (-> % .-target .-value))[0m
  [33m61[0m  [1m    :value (get-in [:val :lastname])}]][0m
  [0m  [0m  [33m           ^--- Wrong number of args (1) passed to cljs.core/get-in[0m
  [36m62[0m  [36m[:p "Email: "[0m
  [36m63[0m  [36m  [:input.form-control[0m
  [36m64[0m  [36m    {:type :email[0m
  [36m65[0m  [36m    :email :email[0m
  [36m66[0m  [36m    :on-change #(swap! fields assoc :email (-> % .-target .-value))[0m

[36m----  Compiler Warning : Please see src/cljs/customer/core.cljs  ----[0m
[32mSuccessfully compiled build :app to "target/cljsbuild/public/js/app.js" in 0.96 seconds.[0m
notifying browser that file changed:  target/cljsbuild/public/js/out/customer/core.js
Compiling build :app to "target/cljsbuild/public/js/app.js" from ["src/cljs" "src/cljc" "env/dev/cljs"]...
[32mSuccessfully compiled build :app to "target/cljsbuild/public/js/app.js" in 0.8 seconds.[0m
notifying browser that file changed:  target/cljsbuild/public/js/out/customer/core.js
Compiling build :app to "target/cljsbuild/public/js/app.js" from ["src/cljs" "src/cljc" "env/dev/cljs"]...
[32mSuccessfully compiled build :app to "target/cljsbuild/public/js/app.js" in 0.713 seconds.[0m
notifying browser that file changed:  target/cljsbuild/public/js/out/customer/core.js
Compiling build :app to "target/cljsbuild/public/js/app.js" from ["src/cljs" "src/cljc" "env/dev/cljs"]...
[32mSuccessfully compiled build :app to "target/cljsbuild/public/js/app.js" in 0.737 seconds.[0m
notifying browser that file changed:  target/cljsbuild/public/js/out/customer/core.js
Compiling build :app to "target/cljsbuild/public/js/app.js" from ["src/cljs" "src/cljc" "env/dev/cljs"]...
[32mSuccessfully compiled build :app to "target/cljsbuild/public/js/app.js" in 0.705 seconds.[0m
notifying browser that file changed:  target/cljsbuild/public/js/out/customer/core.js
Compiling build :app to "target/cljsbuild/public/js/app.js" from ["src/cljs" "src/cljc" "env/dev/cljs"]...
[31mFailed to compile build :app from ["src/cljs" "src/cljc" "env/dev/cljs"] in 0.446 seconds.[0m
[36m----  Could not Read  src/cljs/customer/core.cljs   line:57 ----[0m

  [1m/home/s33r/Projects/customer/src/cljs/customer/core.cljs [line 57, col 41] Unmatched delimiter }.[0m

  [36m55[0m  [36m                        (swap! fields assoc :firstname (-> e .-target .-value)) [0m
  [36m56[0m  [36m                        (js/alert (str @fields)));;#(swap! fields assoc :firstname (-> % .-target .-value))[0m
  [33m57[0m  [1m    :value (:firstname @fields)}]][0m
  [0m  [0m  [33m    /home/s33r/Projects/customer/src/cljs/customer/core.cljs [line 57, col 41] Unmatched delimiter }.[0m
  [36m58[0m  [36m[:p "Last Name: "[0m
  [36m59[0m  [36m  [:input.form-control[0m
  [36m60[0m  [36m    {:type :text[0m

[36m----  Reader Error : Please see src/cljs/customer/core.cljs  ----[0m
Compiling build :app to "target/cljsbuild/public/js/app.js" from ["src/cljs" "src/cljc" "env/dev/cljs"]...
[32mSuccessfully compiled build :app to "target/cljsbuild/public/js/app.js" in 0.667 seconds.[0m
notifying browser that file changed:  target/cljsbuild/public/js/out/customer/core.js
Compiling build :app to "target/cljsbuild/public/js/app.js" from ["src/cljs" "src/cljc" "env/dev/cljs"]...
[32mSuccessfully compiled build :app to "target/cljsbuild/public/js/app.js" in 0.702 seconds.[0m
notifying browser that file changed:  target/cljsbuild/public/js/out/customer/core.js
Compiling build :app to "target/cljsbuild/public/js/app.js" from ["src/cljs" "src/cljc" "env/dev/cljs"]...
[32mSuccessfully compiled build :app to "target/cljsbuild/public/js/app.js" in 0.691 seconds.[0m
notifying browser that file changed:  target/cljsbuild/public/js/out/customer/core.js
Compiling build :app to "target/cljsbuild/public/js/app.js" from ["src/cljs" "src/cljc" "env/dev/cljs"]...
[32mSuccessfully compiled build :app to "target/cljsbuild/public/js/app.js" in 0.685 seconds.[0m
notifying browser that file changed:  target/cljsbuild/public/js/out/customer/core.js
Compiling build :app to "target/cljsbuild/public/js/app.js" from ["src/cljs" "src/cljc" "env/dev/cljs"]...
[32mSuccessfully compiled build :app to "target/cljsbuild/public/js/app.js" in 0.655 seconds.[0m
notifying browser that file changed:  target/cljsbuild/public/js/out/customer/core.js
Compiling build :app to "target/cljsbuild/public/js/app.js" from ["src/cljs" "src/cljc" "env/dev/cljs"]...
[32mSuccessfully compiled build :app to "target/cljsbuild/public/js/app.js" in 0.623 seconds.[0m
notifying browser that file changed:  target/cljsbuild/public/js/out/customer/core.js
Compiling build :app to "target/cljsbuild/public/js/app.js" from ["src/cljs" "src/cljc" "env/dev/cljs"]...
[32mSuccessfully compiled build :app to "target/cljsbuild/public/js/app.js" in 0.664 seconds.[0m
notifying browser that file changed:  target/cljsbuild/public/js/out/customer/core.js
Compiling build :app to "target/cljsbuild/public/js/app.js" from ["src/cljs" "src/cljc" "env/dev/cljs"]...
[32mSuccessfully compiled build :app to "target/cljsbuild/public/js/app.js" in 0.64 seconds.[0m
notifying browser that file changed:  target/cljsbuild/public/js/out/customer/core.js
Compiling build :app to "target/cljsbuild/public/js/app.js" from ["src/cljs" "src/cljc" "env/dev/cljs"]...
[32mSuccessfully compiled build :app to "target/cljsbuild/public/js/app.js" in 0.663 seconds.[0m
notifying browser that file changed:  target/cljsbuild/public/js/out/customer/core.js
Compiling build :app to "target/cljsbuild/public/js/app.js" from ["src/cljs" "src/cljc" "env/dev/cljs"]...
[32mSuccessfully compiled build :app to "target/cljsbuild/public/js/app.js" in 0.643 seconds.[0m
notifying browser that file changed:  target/cljsbuild/public/js/out/customer/core.js
Compiling build :app to "target/cljsbuild/public/js/app.js" from ["src/cljs" "src/cljc" "env/dev/cljs"]...
[32mSuccessfully compiled build :app to "target/cljsbuild/public/js/app.js" in 0.835 seconds.[0m
notifying browser that file changed:  target/cljsbuild/public/js/out/goog/deps.js
notifying browser that file changed:  target/cljsbuild/public/js/out/cljs_deps.js
notifying browser that file changed:  target/cljsbuild/public/js/out/customer/core.js
Compiling build :app to "target/cljsbuild/public/js/app.js" from ["src/cljs" "src/cljc" "env/dev/cljs"]...
[32mSuccessfully compiled build :app to "target/cljsbuild/public/js/app.js" in 0.841 seconds.[0m
notifying browser that file changed:  target/cljsbuild/public/js/out/customer/core.js
Compiling build :app to "target/cljsbuild/public/js/app.js" from ["src/cljs" "src/cljc" "env/dev/cljs"]...
[32mSuccessfully compiled build :app to "target/cljsbuild/public/js/app.js" in 0.855 seconds.[0m
notifying browser that file changed:  target/cljsbuild/public/js/out/customer/core.js
Compiling build :app to "target/cljsbuild/public/js/app.js" from ["src/cljs" "src/cljc" "env/dev/cljs"]...
[31mFailed to compile build :app from ["src/cljs" "src/cljc" "env/dev/cljs"] in 0.141 seconds.[0m
[36m----  Could not Analyze  src/cljs/customer/core.cljs   line:1  column:1  ----[0m

  [1mLibrary name must be specified as a symbol in :require / :require-macros; offending spec: [] at line 1 src/cljs/customer/core.cljs[0m

  [33m1[0m  [1m(ns customer.core[0m
  [0m [0m  [33m^--- Library name must be specified as a symbol in :require / :require-macros; offending spec: [] at line 1 src/cljs/customer/core.cljs[0m
  [36m2[0m  [36m  (:require [reagent.core :as r][0m
  [36m3[0m  [36m            [reagent.session :as session][0m
  [36m4[0m  [36m            [secretary.core :as secretary :include-macros true][0m

[36m----  Analysis Error : Please see src/cljs/customer/core.cljs  ----[0m
Figwheel: Can't open  ("src/cljs/customer/core.cljs" 1 1) No :open-file-command supplied in the config.
Compiling build :app to "target/cljsbuild/public/js/app.js" from ["src/cljs" "src/cljc" "env/dev/cljs"]...
[32mSuccessfully compiled build :app to "target/cljsbuild/public/js/app.js" in 2.721 seconds.[0m
notifying browser that file changed:  target/cljsbuild/public/js/out/goog/deps.js
notifying browser that file changed:  target/cljsbuild/public/js/out/cljs_deps.js
notifying browser that file changed:  target/cljsbuild/public/js/out/customer/core.js
Compiling build :app to "target/cljsbuild/public/js/app.js" from ["src/cljs" "src/cljc" "env/dev/cljs"]...
[32mSuccessfully compiled build :app to "target/cljsbuild/public/js/app.js" in 0.997 seconds.[0m
notifying browser that file changed:  target/cljsbuild/public/js/out/customer/core.js
Compiling build :app to "target/cljsbuild/public/js/app.js" from ["src/cljs" "src/cljc" "env/dev/cljs"]...
[32mSuccessfully compiled build :app to "target/cljsbuild/public/js/app.js" in 2.619 seconds.[0m
notifying browser that file changed:  target/cljsbuild/public/js/out/goog/deps.js
notifying browser that file changed:  target/cljsbuild/public/js/out/cljs_deps.js
notifying browser that file changed:  target/cljsbuild/public/js/out/customer/core.js
Compiling build :app to "target/cljsbuild/public/js/app.js" from ["src/cljs" "src/cljc" "env/dev/cljs"]...
[32mSuccessfully compiled build :app to "target/cljsbuild/public/js/app.js" in 1.026 seconds.[0m
notifying browser that file changed:  target/cljsbuild/public/js/out/customer/core.js
Compiling build :app to "target/cljsbuild/public/js/app.js" from ["src/cljs" "src/cljc" "env/dev/cljs"]...
[32mSuccessfully compiled build :app to "target/cljsbuild/public/js/app.js" in 2.412 seconds.[0m
notifying browser that file changed:  target/cljsbuild/public/js/out/goog/deps.js
notifying browser that file changed:  target/cljsbuild/public/js/out/cljs_deps.js
notifying browser that file changed:  target/cljsbuild/public/js/out/customer/core.js
Compiling build :app to "target/cljsbuild/public/js/app.js" from ["src/cljs" "src/cljc" "env/dev/cljs"]...
[32mSuccessfully compiled build :app to "target/cljsbuild/public/js/app.js" in 1.117 seconds.[0m
notifying browser that file changed:  target/cljsbuild/public/js/out/customer/core.js
Compiling build :app to "target/cljsbuild/public/js/app.js" from ["src/cljs" "src/cljc" "env/dev/cljs"]...
[32mSuccessfully compiled build :app to "target/cljsbuild/public/js/app.js" in 0.933 seconds.[0m
notifying browser that file changed:  target/cljsbuild/public/js/out/customer/core.js
Compiling build :app to "target/cljsbuild/public/js/app.js" from ["src/cljs" "src/cljc" "env/dev/cljs"]...
[32mSuccessfully compiled build :app to "target/cljsbuild/public/js/app.js" in 2.673 seconds.[0m
notifying browser that file changed:  target/cljsbuild/public/js/out/goog/deps.js
notifying browser that file changed:  target/cljsbuild/public/js/out/cljs_deps.js
notifying browser that file changed:  target/cljsbuild/public/js/out/customer/core.js
